# JRE version: OpenJDK Runtime Environment (11.0.12+7) (build 11.0.12+7-b1504.28-7817840)
# Java VM: OpenJDK 64-Bit Server VM (11.0.12+7-b1504.28-7817840, mixed mode, tiered, compressed oops, g1 gc, windows-amd64)
Heap:
 garbage-first heap   total 196608K, used 151279K [0x00000000a0000000, 0x0000000100000000)
  region size 1024K, 76 young (77824K), 4 survivors (4096K)
 Metaspace       used 80946K, capacity 83228K, committed 83368K, reserved 1122304K
  class space    used 10634K, capacity 11489K, committed 11596K, reserved 1048576K
GC Heap History (20 events):
Event: 34.620 GC heap after
{Heap after GC invocations=5 (full 0):
 garbage-first heap   total 196608K, used 21908K [0x00000000a0000000, 0x0000000100000000)
  region size 1024K, 5 young (5120K), 5 survivors (5120K)
 Metaspace       used 33583K, capacity 34341K, committed 34432K, reserved 1079296K
  class space    used 4339K, capacity 4654K, committed 4736K, reserved 1048576K
}
Event: 34.931 GC heap before
{Heap before GC invocations=5 (full 0):
 garbage-first heap   total 196608K, used 24980K [0x00000000a0000000, 0x0000000100000000)
  region size 1024K, 9 young (9216K), 5 survivors (5120K)
 Metaspace       used 35232K, capacity 35982K, committed 36048K, reserved 1081344K
  class space    used 4548K, capacity 4840K, committed 4864K, reserved 1048576K
}
Event: 34.942 GC heap after
{Heap after GC invocations=6 (full 0):
 garbage-first heap   total 196608K, used 22757K [0x00000000a0000000, 0x0000000100000000)
  region size 1024K, 6 young (6144K), 6 survivors (6144K)
 Metaspace       used 35232K, capacity 35982K, committed 36048K, reserved 1081344K
  class space    used 4548K, capacity 4840K, committed 4864K, reserved 1048576K
}
Event: 41.782 GC heap before
{Heap before GC invocations=7 (full 0):
 garbage-first heap   total 196608K, used 86245K [0x00000000a0000000, 0x0000000100000000)
  region size 1024K, 66 young (67584K), 6 survivors (6144K)
 Metaspace       used 40181K, capacity 41117K, committed 41372K, reserved 1085440K
  class space    used 5113K, capacity 5477K, committed 5580K, reserved 1048576K
}
Event: 41.796 GC heap after
{Heap after GC invocations=8 (full 0):
 garbage-first heap   total 196608K, used 27516K [0x00000000a0000000, 0x0000000100000000)
  region size 1024K, 9 young (9216K), 9 survivors (9216K)
 Metaspace       used 40181K, capacity 41117K, committed 41372K, reserved 1085440K
  class space    used 5113K, capacity 5477K, committed 5580K, reserved 1048576K
}
Event: 51.979 GC heap before
{Heap before GC invocations=8 (full 0):
 garbage-first heap   total 196608K, used 106364K [0x00000000a0000000, 0x0000000100000000)
  region size 1024K, 86 young (88064K), 9 survivors (9216K)
 Metaspace       used 46293K, capacity 47487K, committed 47644K, reserved 1091584K
  class space    used 5938K, capacity 6344K, committed 6476K, reserved 1048576K
}
Event: 52.001 GC heap after
{Heap after GC invocations=9 (full 0):
 garbage-first heap   total 196608K, used 30194K [0x00000000a0000000, 0x0000000100000000)
  region size 1024K, 9 young (9216K), 9 survivors (9216K)
 Metaspace       used 46293K, capacity 47487K, committed 47644K, reserved 1091584K
  class space    used 5938K, capacity 6344K, committed 6476K, reserved 1048576K
}
Event: 96.869 GC heap before
{Heap before GC invocations=9 (full 0):
 garbage-first heap   total 196608K, used 122354K [0x00000000a0000000, 0x0000000100000000)
  region size 1024K, 91 young (93184K), 9 survivors (9216K)
 Metaspace       used 50416K, capacity 51795K, committed 51996K, reserved 1093632K
  class space    used 6396K, capacity 6872K, committed 6988K, reserved 1048576K
}
Event: 96.886 GC heap after
{Heap after GC invocations=10 (full 0):
 garbage-first heap   total 196608K, used 47604K [0x00000000a0000000, 0x0000000100000000)
  region size 1024K, 12 young (12288K), 12 survivors (12288K)
 Metaspace       used 50416K, capacity 51795K, committed 51996K, reserved 1093632K
  class space    used 6396K, capacity 6872K, committed 6988K, reserved 1048576K
}
Event: 106.744 GC heap before
{Heap before GC invocations=10 (full 0):
 garbage-first heap   total 196608K, used 114164K [0x00000000a0000000, 0x0000000100000000)
  region size 1024K, 78 young (79872K), 12 survivors (12288K)
 Metaspace       used 58919K, capacity 60434K, committed 60572K, reserved 1101824K
  class space    used 7469K, capacity 8021K, committed 8140K, reserved 1048576K
}
Event: 106.773 GC heap after
{Heap after GC invocations=11 (full 0):
 garbage-first heap   total 196608K, used 50964K [0x00000000a0000000, 0x0000000100000000)
  region size 1024K, 3 young (3072K), 3 survivors (3072K)
 Metaspace       used 58919K, capacity 60434K, committed 60572K, reserved 1101824K
  class space    used 7469K, capacity 8021K, committed 8140K, reserved 1048576K
}
Event: 110.818 GC heap before
{Heap before GC invocations=12 (full 0):
 garbage-first heap   total 196608K, used 130836K [0x00000000a0000000, 0x0000000100000000)
  region size 1024K, 81 young (82944K), 3 survivors (3072K)
 Metaspace       used 65718K, capacity 67371K, committed 67496K, reserved 1107968K
  class space    used 8332K, capacity 8936K, committed 9036K, reserved 1048576K
}
Event: 110.831 GC heap after
{Heap after GC invocations=13 (full 0):
 garbage-first heap   total 196608K, used 55485K [0x00000000a0000000, 0x0000000100000000)
  region size 1024K, 8 young (8192K), 8 survivors (8192K)
 Metaspace       used 65718K, capacity 67371K, committed 67496K, reserved 1107968K
  class space    used 8332K, capacity 8936K, committed 9036K, reserved 1048576K
}
Event: 117.169 GC heap before
{Heap before GC invocations=14 (full 0):
 garbage-first heap   total 196608K, used 138429K [0x00000000a0000000, 0x0000000100000000)
  region size 1024K, 87 young (89088K), 8 survivors (8192K)
 Metaspace       used 67863K, capacity 69642K, committed 69800K, reserved 1110016K
  class space    used 8606K, capacity 9254K, committed 9292K, reserved 1048576K
}
Event: 117.188 GC heap after
{Heap after GC invocations=15 (full 0):
 garbage-first heap   total 196608K, used 66922K [0x00000000a0000000, 0x0000000100000000)
  region size 1024K, 11 young (11264K), 11 survivors (11264K)
 Metaspace       used 67863K, capacity 69642K, committed 69800K, reserved 1110016K
  class space    used 8606K, capacity 9254K, committed 9292K, reserved 1048576K
}
Event: 121.647 GC heap before
{Heap before GC invocations=15 (full 0):
 garbage-first heap   total 196608K, used 143722K [0x00000000a0000000, 0x0000000100000000)
  region size 1024K, 86 young (88064K), 11 survivors (11264K)
 Metaspace       used 70148K, capacity 72080K, committed 72232K, reserved 1112064K
  class space    used 8903K, capacity 9552K, committed 9676K, reserved 1048576K
}
Event: 121.688 GC heap after
{Heap after GC invocations=16 (full 0):
 garbage-first heap   total 196608K, used 73287K [0x00000000a0000000, 0x0000000100000000)
  region size 1024K, 6 young (6144K), 6 survivors (6144K)
 Metaspace       used 70148K, capacity 72080K, committed 72232K, reserved 1112064K
  class space    used 8903K, capacity 9552K, committed 9676K, reserved 1048576K
}
Event: 125.044 GC heap before
{Heap before GC invocations=16 (full 0):
 garbage-first heap   total 196608K, used 148039K [0x00000000a0000000, 0x0000000100000000)
  region size 1024K, 79 young (80896K), 6 survivors (6144K)
 Metaspace       used 75305K, capacity 77377K, committed 77480K, reserved 1116160K
  class space    used 9791K, capacity 10526K, committed 10572K, reserved 1048576K
}
Event: 125.064 GC heap after
{Heap after GC invocations=17 (full 0):
 garbage-first heap   total 196608K, used 77551K [0x00000000a0000000, 0x0000000100000000)
  region size 1024K, 10 young (10240K), 10 survivors (10240K)
 Metaspace       used 75305K, capacity 77377K, committed 77480K, reserved 1116160K
  class space    used 9791K, capacity 10526K, committed 10572K, reserved 1048576K
}
Event: 128.685 GC heap before
{Heap before GC invocations=17 (full 0):
 garbage-first heap   total 196608K, used 151279K [0x00000000a0000000, 0x0000000100000000)
  region size 1024K, 82 young (83968K), 10 survivors (10240K)
 Metaspace       used 80946K, capacity 83228K, committed 83368K, reserved 1122304K
  class space    used 10634K, capacity 11489K, committed 11596K, reserved 1048576K
}

